current directory: /Users/omkarjoshi/Projects/joshio1.github.io/.bundle/ruby/3.2.0/gems/json-2.10.1/ext/json/ext/parser
/Users/omkarjoshi/.rbenv/versions/3.2.1/bin/ruby -I /Users/omkarjoshi/.rbenv/versions/3.2.1/lib/ruby/3.2.0 extconf.rb
checking for rb_enc_interned_str() in ruby.h... yes
checking for rb_hash_new_capa() in ruby.h... yes
checking for rb_hash_bulk_insert() in ruby.h... yes
checking for rb_category_warn() in ruby.h... yes
checking for strnlen() in string.h... yes
checking for whether -std=c99 is accepted as CFLAGS... yes
creating Makefile

current directory: /Users/omkarjoshi/Projects/joshio1.github.io/.bundle/ruby/3.2.0/gems/json-2.10.1/ext/json/ext/parser
make DESTDIR\= sitearchdir\=./.gem.20250307-72186-2lana1 sitelibdir\=./.gem.20250307-72186-2lana1 clean

current directory: /Users/omkarjoshi/Projects/joshio1.github.io/.bundle/ruby/3.2.0/gems/json-2.10.1/ext/json/ext/parser
make DESTDIR\= sitearchdir\=./.gem.20250307-72186-2lana1 sitelibdir\=./.gem.20250307-72186-2lana1
compiling parser.c
linking shared-object json/ext/parser.bundle

current directory: /Users/omkarjoshi/Projects/joshio1.github.io/.bundle/ruby/3.2.0/gems/json-2.10.1/ext/json/ext/parser
make DESTDIR\= sitearchdir\=./.gem.20250307-72186-2lana1 sitelibdir\=./.gem.20250307-72186-2lana1 install
/usr/bin/install -c -m 0755 parser.bundle ./.gem.20250307-72186-2lana1/json/ext

current directory: /Users/omkarjoshi/Projects/joshio1.github.io/.bundle/ruby/3.2.0/gems/json-2.10.1/ext/json/ext/parser
make DESTDIR\= sitearchdir\=./.gem.20250307-72186-2lana1 sitelibdir\=./.gem.20250307-72186-2lana1 clean
